have_header: checking for ruby/thread.h... -------------------- yes

"gcc -o conftest -I/Users/tobayusuke/.rvm/rubies/ruby-2.1.1/include/ruby-2.1.0/x86_64-darwin13.0 -I/Users/tobayusuke/.rvm/rubies/ruby-2.1.1/include/ruby-2.1.0/ruby/backward -I/Users/tobayusuke/.rvm/rubies/ruby-2.1.1/include/ruby-2.1.0 -I. -D_XOPEN_SOURCE -D_DARWIN_C_SOURCE -D_DARWIN_UNLIMITED_SELECT -D_REENTRANT   -O3 -I/Users/travis/.sm/pkg/active/include -fPIC -mmacosx-version-min=10.6 -pipe conftest.c  -L. -L/Users/tobayusuke/.rvm/rubies/ruby-2.1.1/lib -L. -L/Users/travis/.sm/pkg/active/lib -fPIC -Bstatic -fstack-protector   -arch x86_64   -lruby-static -framework CoreFoundation  -lpthread -ldl -lobjc "
ld: warning: directory not found for option '-L/Users/travis/.sm/pkg/active/lib'
checked program was:
/* begin */
1: #include "ruby.h"
2: 
3: int main(int argc, char **argv)
4: {
5:   return 0;
6: }
/* end */

"gcc -E -I/Users/tobayusuke/.rvm/rubies/ruby-2.1.1/include/ruby-2.1.0/x86_64-darwin13.0 -I/Users/tobayusuke/.rvm/rubies/ruby-2.1.1/include/ruby-2.1.0/ruby/backward -I/Users/tobayusuke/.rvm/rubies/ruby-2.1.1/include/ruby-2.1.0 -I. -D_XOPEN_SOURCE -D_DARWIN_C_SOURCE -D_DARWIN_UNLIMITED_SELECT -D_REENTRANT   -O3 -I/Users/travis/.sm/pkg/active/include -fPIC -mmacosx-version-min=10.6 -pipe  conftest.c -o conftest.i"
checked program was:
/* begin */
1: #include "ruby.h"
2: 
3: #include <ruby/thread.h>
/* end */

--------------------

have_func: checking for rb_thread_call_without_gvl() in ruby/thread.h... -------------------- yes

"gcc -o conftest -I/Users/tobayusuke/.rvm/rubies/ruby-2.1.1/include/ruby-2.1.0/x86_64-darwin13.0 -I/Users/tobayusuke/.rvm/rubies/ruby-2.1.1/include/ruby-2.1.0/ruby/backward -I/Users/tobayusuke/.rvm/rubies/ruby-2.1.1/include/ruby-2.1.0 -I. -D_XOPEN_SOURCE -D_DARWIN_C_SOURCE -D_DARWIN_UNLIMITED_SELECT -D_REENTRANT   -O3 -I/Users/travis/.sm/pkg/active/include -fPIC -mmacosx-version-min=10.6 -pipe conftest.c  -L. -L/Users/tobayusuke/.rvm/rubies/ruby-2.1.1/lib -L. -L/Users/travis/.sm/pkg/active/lib -fPIC -Bstatic -fstack-protector   -arch x86_64   -lruby-static -framework CoreFoundation  -lpthread -ldl -lobjc "
ld: warning: directory not found for option '-L/Users/travis/.sm/pkg/active/lib'
checked program was:
/* begin */
 1: #include "ruby.h"
 2: 
 3: #include <ruby/thread.h>
 4: 
 5: /*top*/
 6: extern int t(void);
 7: int main(int argc, char **argv)
 8: {
 9:   if (argc > 1000000) {
10:     printf("%p", &t);
11:   }
12: 
13:   return 0;
14: }
15: int t(void) { void ((*volatile p)()); p = (void ((*)()))rb_thread_call_without_gvl; return 0; }
/* end */

--------------------

have_func: checking for rb_thread_blocking_region()... -------------------- yes

"gcc -o conftest -I/Users/tobayusuke/.rvm/rubies/ruby-2.1.1/include/ruby-2.1.0/x86_64-darwin13.0 -I/Users/tobayusuke/.rvm/rubies/ruby-2.1.1/include/ruby-2.1.0/ruby/backward -I/Users/tobayusuke/.rvm/rubies/ruby-2.1.1/include/ruby-2.1.0 -I. -D_XOPEN_SOURCE -D_DARWIN_C_SOURCE -D_DARWIN_UNLIMITED_SELECT -D_REENTRANT   -O3 -I/Users/travis/.sm/pkg/active/include -fPIC -mmacosx-version-min=10.6 -pipe conftest.c  -L. -L/Users/tobayusuke/.rvm/rubies/ruby-2.1.1/lib -L. -L/Users/travis/.sm/pkg/active/lib -fPIC -Bstatic -fstack-protector   -arch x86_64   -lruby-static -framework CoreFoundation  -lpthread -ldl -lobjc "
conftest.c:13:57: warning: 'rb_thread_blocking_region' is deprecated [-Wdeprecated-declarations]
int t(void) { void ((*volatile p)()); p = (void ((*)()))rb_thread_blocking_region; return 0; }
                                                        ^
/Users/tobayusuke/.rvm/rubies/ruby-2.1.1/include/ruby-2.1.0/ruby/intern.h:870:18: note: 'rb_thread_blocking_region' has been explicitly marked deprecated here
DEPRECATED(VALUE rb_thread_blocking_region(rb_blocking_function_t *func, void *data1,
                 ^
/Users/tobayusuke/.rvm/rubies/ruby-2.1.1/include/ruby-2.1.0/x86_64-darwin13.0/ruby/config.h:114:52: note: expanded from macro 'DEPRECATED'
#define DEPRECATED(x) __attribute__ ((deprecated)) x
                                                   ^
1 warning generated.
ld: warning: directory not found for option '-L/Users/travis/.sm/pkg/active/lib'
checked program was:
/* begin */
 1: #include "ruby.h"
 2: 
 3: /*top*/
 4: extern int t(void);
 5: int main(int argc, char **argv)
 6: {
 7:   if (argc > 1000000) {
 8:     printf("%p", &t);
 9:   }
10: 
11:   return 0;
12: }
13: int t(void) { void ((*volatile p)()); p = (void ((*)()))rb_thread_blocking_region; return 0; }
/* end */

--------------------

have_func: checking for rb_wait_for_single_fd()... -------------------- yes

"gcc -o conftest -I/Users/tobayusuke/.rvm/rubies/ruby-2.1.1/include/ruby-2.1.0/x86_64-darwin13.0 -I/Users/tobayusuke/.rvm/rubies/ruby-2.1.1/include/ruby-2.1.0/ruby/backward -I/Users/tobayusuke/.rvm/rubies/ruby-2.1.1/include/ruby-2.1.0 -I. -D_XOPEN_SOURCE -D_DARWIN_C_SOURCE -D_DARWIN_UNLIMITED_SELECT -D_REENTRANT   -O3 -I/Users/travis/.sm/pkg/active/include -fPIC -mmacosx-version-min=10.6 -pipe conftest.c  -L. -L/Users/tobayusuke/.rvm/rubies/ruby-2.1.1/lib -L. -L/Users/travis/.sm/pkg/active/lib -fPIC -Bstatic -fstack-protector   -arch x86_64   -lruby-static -framework CoreFoundation  -lpthread -ldl -lobjc "
conftest.c:13:57: error: use of undeclared identifier 'rb_wait_for_single_fd'
int t(void) { void ((*volatile p)()); p = (void ((*)()))rb_wait_for_single_fd; return 0; }
                                                        ^
1 error generated.
checked program was:
/* begin */
 1: #include "ruby.h"
 2: 
 3: /*top*/
 4: extern int t(void);
 5: int main(int argc, char **argv)
 6: {
 7:   if (argc > 1000000) {
 8:     printf("%p", &t);
 9:   }
10: 
11:   return 0;
12: }
13: int t(void) { void ((*volatile p)()); p = (void ((*)()))rb_wait_for_single_fd; return 0; }
/* end */

"gcc -o conftest -I/Users/tobayusuke/.rvm/rubies/ruby-2.1.1/include/ruby-2.1.0/x86_64-darwin13.0 -I/Users/tobayusuke/.rvm/rubies/ruby-2.1.1/include/ruby-2.1.0/ruby/backward -I/Users/tobayusuke/.rvm/rubies/ruby-2.1.1/include/ruby-2.1.0 -I. -D_XOPEN_SOURCE -D_DARWIN_C_SOURCE -D_DARWIN_UNLIMITED_SELECT -D_REENTRANT   -O3 -I/Users/travis/.sm/pkg/active/include -fPIC -mmacosx-version-min=10.6 -pipe conftest.c  -L. -L/Users/tobayusuke/.rvm/rubies/ruby-2.1.1/lib -L. -L/Users/travis/.sm/pkg/active/lib -fPIC -Bstatic -fstack-protector   -arch x86_64   -lruby-static -framework CoreFoundation  -lpthread -ldl -lobjc "
conftest.c:13:15: warning: implicit declaration of function 'rb_wait_for_single_fd' is invalid in C99 [-Wimplicit-function-declaration]
int t(void) { rb_wait_for_single_fd(); return 0; }
              ^
1 warning generated.
ld: warning: directory not found for option '-L/Users/travis/.sm/pkg/active/lib'
checked program was:
/* begin */
 1: #include "ruby.h"
 2: 
 3: /*top*/
 4: extern int t(void);
 5: int main(int argc, char **argv)
 6: {
 7:   if (argc > 1000000) {
 8:     printf("%p", &t);
 9:   }
10: 
11:   return 0;
12: }
13: int t(void) { rb_wait_for_single_fd(); return 0; }
/* end */

--------------------

have_func: checking for rb_hash_dup()... -------------------- yes

"gcc -o conftest -I/Users/tobayusuke/.rvm/rubies/ruby-2.1.1/include/ruby-2.1.0/x86_64-darwin13.0 -I/Users/tobayusuke/.rvm/rubies/ruby-2.1.1/include/ruby-2.1.0/ruby/backward -I/Users/tobayusuke/.rvm/rubies/ruby-2.1.1/include/ruby-2.1.0 -I. -D_XOPEN_SOURCE -D_DARWIN_C_SOURCE -D_DARWIN_UNLIMITED_SELECT -D_REENTRANT   -O3 -I/Users/travis/.sm/pkg/active/include -fPIC -mmacosx-version-min=10.6 -pipe conftest.c  -L. -L/Users/tobayusuke/.rvm/rubies/ruby-2.1.1/lib -L. -L/Users/travis/.sm/pkg/active/lib -fPIC -Bstatic -fstack-protector   -arch x86_64   -lruby-static -framework CoreFoundation  -lpthread -ldl -lobjc "
ld: warning: directory not found for option '-L/Users/travis/.sm/pkg/active/lib'
checked program was:
/* begin */
 1: #include "ruby.h"
 2: 
 3: /*top*/
 4: extern int t(void);
 5: int main(int argc, char **argv)
 6: {
 7:   if (argc > 1000000) {
 8:     printf("%p", &t);
 9:   }
10: 
11:   return 0;
12: }
13: int t(void) { void ((*volatile p)()); p = (void ((*)()))rb_hash_dup; return 0; }
/* end */

--------------------

have_func: checking for rb_intern3()... -------------------- yes

"gcc -o conftest -I/Users/tobayusuke/.rvm/rubies/ruby-2.1.1/include/ruby-2.1.0/x86_64-darwin13.0 -I/Users/tobayusuke/.rvm/rubies/ruby-2.1.1/include/ruby-2.1.0/ruby/backward -I/Users/tobayusuke/.rvm/rubies/ruby-2.1.1/include/ruby-2.1.0 -I. -D_XOPEN_SOURCE -D_DARWIN_C_SOURCE -D_DARWIN_UNLIMITED_SELECT -D_REENTRANT   -O3 -I/Users/travis/.sm/pkg/active/include -fPIC -mmacosx-version-min=10.6 -pipe conftest.c  -L. -L/Users/tobayusuke/.rvm/rubies/ruby-2.1.1/lib -L. -L/Users/travis/.sm/pkg/active/lib -fPIC -Bstatic -fstack-protector   -arch x86_64   -lruby-static -framework CoreFoundation  -lpthread -ldl -lobjc "
conftest.c:13:57: error: use of undeclared identifier 'rb_intern3'
int t(void) { void ((*volatile p)()); p = (void ((*)()))rb_intern3; return 0; }
                                                        ^
1 error generated.
checked program was:
/* begin */
 1: #include "ruby.h"
 2: 
 3: /*top*/
 4: extern int t(void);
 5: int main(int argc, char **argv)
 6: {
 7:   if (argc > 1000000) {
 8:     printf("%p", &t);
 9:   }
10: 
11:   return 0;
12: }
13: int t(void) { void ((*volatile p)()); p = (void ((*)()))rb_intern3; return 0; }
/* end */

"gcc -o conftest -I/Users/tobayusuke/.rvm/rubies/ruby-2.1.1/include/ruby-2.1.0/x86_64-darwin13.0 -I/Users/tobayusuke/.rvm/rubies/ruby-2.1.1/include/ruby-2.1.0/ruby/backward -I/Users/tobayusuke/.rvm/rubies/ruby-2.1.1/include/ruby-2.1.0 -I. -D_XOPEN_SOURCE -D_DARWIN_C_SOURCE -D_DARWIN_UNLIMITED_SELECT -D_REENTRANT   -O3 -I/Users/travis/.sm/pkg/active/include -fPIC -mmacosx-version-min=10.6 -pipe conftest.c  -L. -L/Users/tobayusuke/.rvm/rubies/ruby-2.1.1/lib -L. -L/Users/travis/.sm/pkg/active/lib -fPIC -Bstatic -fstack-protector   -arch x86_64   -lruby-static -framework CoreFoundation  -lpthread -ldl -lobjc "
conftest.c:13:15: warning: implicit declaration of function 'rb_intern3' is invalid in C99 [-Wimplicit-function-declaration]
int t(void) { rb_intern3(); return 0; }
              ^
1 warning generated.
ld: warning: directory not found for option '-L/Users/travis/.sm/pkg/active/lib'
checked program was:
/* begin */
 1: #include "ruby.h"
 2: 
 3: /*top*/
 4: extern int t(void);
 5: int main(int argc, char **argv)
 6: {
 7:   if (argc > 1000000) {
 8:     printf("%p", &t);
 9:   }
10: 
11:   return 0;
12: }
13: int t(void) { rb_intern3(); return 0; }
/* end */

--------------------

have_header: checking for mysql.h... -------------------- yes

"gcc -E -I/Users/tobayusuke/.rvm/rubies/ruby-2.1.1/include/ruby-2.1.0/x86_64-darwin13.0 -I/Users/tobayusuke/.rvm/rubies/ruby-2.1.1/include/ruby-2.1.0/ruby/backward -I/Users/tobayusuke/.rvm/rubies/ruby-2.1.1/include/ruby-2.1.0 -I. -I/usr/local/Cellar/mysql/5.6.25/include/mysql -D_XOPEN_SOURCE -D_DARWIN_C_SOURCE -D_DARWIN_UNLIMITED_SELECT -D_REENTRANT   -O3 -I/Users/travis/.sm/pkg/active/include -fPIC -mmacosx-version-min=10.6 -pipe  conftest.c -o conftest.i"
checked program was:
/* begin */
1: #include "ruby.h"
2: 
3: #include <mysql.h>
/* end */

--------------------

have_header: checking for errmsg.h... -------------------- yes

"gcc -E -I/Users/tobayusuke/.rvm/rubies/ruby-2.1.1/include/ruby-2.1.0/x86_64-darwin13.0 -I/Users/tobayusuke/.rvm/rubies/ruby-2.1.1/include/ruby-2.1.0/ruby/backward -I/Users/tobayusuke/.rvm/rubies/ruby-2.1.1/include/ruby-2.1.0 -I. -I/usr/local/Cellar/mysql/5.6.25/include/mysql -D_XOPEN_SOURCE -D_DARWIN_C_SOURCE -D_DARWIN_UNLIMITED_SELECT -D_REENTRANT   -O3 -I/Users/travis/.sm/pkg/active/include -fPIC -mmacosx-version-min=10.6 -pipe  conftest.c -o conftest.i"
checked program was:
/* begin */
1: #include "ruby.h"
2: 
3: #include <errmsg.h>
/* end */

--------------------

have_header: checking for mysqld_error.h... -------------------- yes

"gcc -E -I/Users/tobayusuke/.rvm/rubies/ruby-2.1.1/include/ruby-2.1.0/x86_64-darwin13.0 -I/Users/tobayusuke/.rvm/rubies/ruby-2.1.1/include/ruby-2.1.0/ruby/backward -I/Users/tobayusuke/.rvm/rubies/ruby-2.1.1/include/ruby-2.1.0 -I. -I/usr/local/Cellar/mysql/5.6.25/include/mysql -D_XOPEN_SOURCE -D_DARWIN_C_SOURCE -D_DARWIN_UNLIMITED_SELECT -D_REENTRANT   -O3 -I/Users/travis/.sm/pkg/active/include -fPIC -mmacosx-version-min=10.6 -pipe  conftest.c -o conftest.i"
checked program was:
/* begin */
1: #include "ruby.h"
2: 
3: #include <mysqld_error.h>
/* end */

--------------------

"gcc -o conftest -I/Users/tobayusuke/.rvm/rubies/ruby-2.1.1/include/ruby-2.1.0/x86_64-darwin13.0 -I/Users/tobayusuke/.rvm/rubies/ruby-2.1.1/include/ruby-2.1.0/ruby/backward -I/Users/tobayusuke/.rvm/rubies/ruby-2.1.1/include/ruby-2.1.0 -I. -I/usr/local/Cellar/mysql/5.6.25/include/mysql -D_XOPEN_SOURCE -D_DARWIN_C_SOURCE -D_DARWIN_UNLIMITED_SELECT -D_REENTRANT   -O3 -I/Users/travis/.sm/pkg/active/include -fPIC -mmacosx-version-min=10.6 -pipe conftest.c  -L. -L/Users/tobayusuke/.rvm/rubies/ruby-2.1.1/lib -L. -L/Users/travis/.sm/pkg/active/lib -fPIC -Bstatic -fstack-protector   -arch x86_64  -L/usr/local/Cellar/mysql/5.6.25/lib  -lmysqlclient  -lssl -lcrypto  -lruby-static -framework CoreFoundation  -Wall -funroll-loops -lpthread -ldl -lobjc "
ld: warning: directory not found for option '-L/Users/travis/.sm/pkg/active/lib'
checked program was:
/* begin */
1: #include "ruby.h"
2: 
3: int main() {return 0;}
/* end */

"gcc -o conftest -I/Users/tobayusuke/.rvm/rubies/ruby-2.1.1/include/ruby-2.1.0/x86_64-darwin13.0 -I/Users/tobayusuke/.rvm/rubies/ruby-2.1.1/include/ruby-2.1.0/ruby/backward -I/Users/tobayusuke/.rvm/rubies/ruby-2.1.1/include/ruby-2.1.0 -I. -I/usr/local/Cellar/mysql/5.6.25/include/mysql -D_XOPEN_SOURCE -D_DARWIN_C_SOURCE -D_DARWIN_UNLIMITED_SELECT -D_REENTRANT   -O3 -I/Users/travis/.sm/pkg/active/include -fPIC -mmacosx-version-min=10.6 -pipe -Wall -funroll-loops conftest.c  -L. -L/Users/tobayusuke/.rvm/rubies/ruby-2.1.1/lib -L. -L/Users/travis/.sm/pkg/active/lib -fPIC -Bstatic -fstack-protector   -arch x86_64  -L/usr/local/Cellar/mysql/5.6.25/lib  -lmysqlclient  -lssl -lcrypto  -lruby-static -framework CoreFoundation  -Wl,-rpath,/usr/local/Cellar/mysql/5.6.25/lib -lpthread -ldl -lobjc "
ld: warning: directory not found for option '-L/Users/travis/.sm/pkg/active/lib'
checked program was:
/* begin */
1: #include "ruby.h"
2: 
3: int main() {return 0;}
/* end */

